{"/Users/anuragjoshi/Desktop/code/master-data/master-data-service/src/app/commons/constants.js": {"path":"/Users/anuragjoshi/Desktop/code/master-data/master-data-service/src/app/commons/constants.js","statementMap":{"0":{"start":{"line":1,"column":22},"end":{"line":9,"column":1}},"1":{"start":{"line":11,"column":26},"end":{"line":11,"column":58}},"2":{"start":{"line":12,"column":27},"end":{"line":12,"column":60}},"3":{"start":{"line":13,"column":26},"end":{"line":13,"column":68}},"4":{"start":{"line":14,"column":18},"end":{"line":16,"column":1}},"5":{"start":{"line":18,"column":17},"end":{"line":53,"column":1}},"6":{"start":{"line":55,"column":14},"end":{"line":72,"column":1}},"7":{"start":{"line":74,"column":13},"end":{"line":91,"column":1}},"8":{"start":{"line":93,"column":18},"end":{"line":112,"column":1}},"9":{"start":{"line":114,"column":20},"end":{"line":114,"column":44}},"10":{"start":{"line":116,"column":36},"end":{"line":116,"column":65}},"11":{"start":{"line":118,"column":0},"end":{"line":130,"column":2}}},"fnMap":{},"branchMap":{},"s":{"0":1,"1":1,"2":1,"3":1,"4":1,"5":1,"6":1,"7":1,"8":1,"9":1,"10":1,"11":1},"f":{},"b":{},"_coverageSchema":"43e27e138ebf9cfc5966b082cf9a028302ed4184","hash":"c0e692f26df6a9c1f04e9ac68f6de4639a990237"}
,"/Users/anuragjoshi/Desktop/code/master-data/master-data-service/src/app/errorHandler/CustomError.js": {"path":"/Users/anuragjoshi/Desktop/code/master-data/master-data-service/src/app/errorHandler/CustomError.js","statementMap":{"0":{"start":{"line":4,"column":19},"end":{"line":4,"column":47}},"1":{"start":{"line":5,"column":25},"end":{"line":5,"column":44}},"2":{"start":{"line":7,"column":0},"end":{"line":60,"column":2}},"3":{"start":{"line":9,"column":4},"end":{"line":9,"column":12}},"4":{"start":{"line":10,"column":4},"end":{"line":10,"column":26}},"5":{"start":{"line":11,"column":4},"end":{"line":11,"column":44}},"6":{"start":{"line":15,"column":4},"end":{"line":22,"column":5}},"7":{"start":{"line":16,"column":6},"end":{"line":21,"column":8}},"8":{"start":{"line":23,"column":4},"end":{"line":23,"column":18}},"9":{"start":{"line":27,"column":4},"end":{"line":27,"column":22}},"10":{"start":{"line":31,"column":4},"end":{"line":33,"column":6}},"11":{"start":{"line":37,"column":19},"end":{"line":37,"column":56}},"12":{"start":{"line":38,"column":4},"end":{"line":38,"column":45}},"13":{"start":{"line":42,"column":19},"end":{"line":42,"column":21}},"14":{"start":{"line":43,"column":4},"end":{"line":49,"column":11}},"15":{"start":{"line":44,"column":6},"end":{"line":47,"column":9}},"16":{"start":{"line":48,"column":6},"end":{"line":48,"column":25}},"17":{"start":{"line":50,"column":4},"end":{"line":50,"column":45}},"18":{"start":{"line":54,"column":4},"end":{"line":58,"column":6}}},"fnMap":{"0":{"name":"(anonymous_0)","decl":{"start":{"line":8,"column":2},"end":{"line":8,"column":3}},"loc":{"start":{"line":8,"column":32},"end":{"line":12,"column":3}},"line":8},"1":{"name":"(anonymous_1)","decl":{"start":{"line":14,"column":2},"end":{"line":14,"column":3}},"loc":{"start":{"line":14,"column":22},"end":{"line":24,"column":3}},"line":14},"2":{"name":"(anonymous_2)","decl":{"start":{"line":26,"column":2},"end":{"line":26,"column":3}},"loc":{"start":{"line":26,"column":13},"end":{"line":28,"column":3}},"line":26},"3":{"name":"(anonymous_3)","decl":{"start":{"line":30,"column":2},"end":{"line":30,"column":3}},"loc":{"start":{"line":30,"column":17},"end":{"line":34,"column":3}},"line":30},"4":{"name":"(anonymous_4)","decl":{"start":{"line":36,"column":2},"end":{"line":36,"column":3}},"loc":{"start":{"line":36,"column":51},"end":{"line":39,"column":3}},"line":36},"5":{"name":"(anonymous_5)","decl":{"start":{"line":41,"column":2},"end":{"line":41,"column":3}},"loc":{"start":{"line":41,"column":41},"end":{"line":51,"column":3}},"line":41},"6":{"name":"(anonymous_6)","decl":{"start":{"line":43,"column":20},"end":{"line":43,"column":21}},"loc":{"start":{"line":43,"column":47},"end":{"line":49,"column":5}},"line":43},"7":{"name":"(anonymous_7)","decl":{"start":{"line":53,"column":2},"end":{"line":53,"column":3}},"loc":{"start":{"line":53,"column":40},"end":{"line":59,"column":3}},"line":53}},"branchMap":{"0":{"loc":{"start":{"line":15,"column":4},"end":{"line":22,"column":5}},"type":"if","locations":[{"start":{"line":15,"column":4},"end":{"line":22,"column":5}},{"start":{"line":15,"column":4},"end":{"line":22,"column":5}}],"line":15},"1":{"loc":{"start":{"line":46,"column":18},"end":{"line":46,"column":41}},"type":"binary-expr","locations":[{"start":{"line":46,"column":18},"end":{"line":46,"column":35}},{"start":{"line":46,"column":39},"end":{"line":46,"column":41}}],"line":46},"2":{"loc":{"start":{"line":56,"column":10},"end":{"line":56,"column":34}},"type":"binary-expr","locations":[{"start":{"line":56,"column":10},"end":{"line":56,"column":18}},{"start":{"line":56,"column":22},"end":{"line":56,"column":34}}],"line":56}},"s":{"0":1,"1":1,"2":1,"3":4,"4":4,"5":4,"6":4,"7":1,"8":3,"9":0,"10":0,"11":3,"12":3,"13":0,"14":0,"15":0,"16":0,"17":0,"18":3},"f":{"0":4,"1":4,"2":0,"3":0,"4":3,"5":0,"6":0,"7":3},"b":{"0":[1,3],"1":[0,0],"2":[3,3]},"_coverageSchema":"43e27e138ebf9cfc5966b082cf9a028302ed4184","hash":"4be7a08c19e71cd8e3692588b1ab2cc4c72b2657"}
,"/Users/anuragjoshi/Desktop/code/master-data/master-data-service/src/app/errorHandler/common.js": {"path":"/Users/anuragjoshi/Desktop/code/master-data/master-data-service/src/app/errorHandler/common.js","statementMap":{"0":{"start":{"line":2,"column":13},"end":{"line":2,"column":28}},"1":{"start":{"line":4,"column":0},"end":{"line":9,"column":2}},"2":{"start":{"line":5,"column":2},"end":{"line":7,"column":3}},"3":{"start":{"line":6,"column":4},"end":{"line":6,"column":18}},"4":{"start":{"line":8,"column":2},"end":{"line":8,"column":30}},"5":{"start":{"line":11,"column":0},"end":{"line":26,"column":2}},"6":{"start":{"line":12,"column":13},"end":{"line":12,"column":15}},"7":{"start":{"line":13,"column":2},"end":{"line":24,"column":3}},"8":{"start":{"line":14,"column":4},"end":{"line":14,"column":59}},"9":{"start":{"line":15,"column":9},"end":{"line":24,"column":3}},"10":{"start":{"line":16,"column":4},"end":{"line":16,"column":62}},"11":{"start":{"line":18,"column":4},"end":{"line":23,"column":27}},"12":{"start":{"line":25,"column":2},"end":{"line":25,"column":48}},"13":{"start":{"line":28,"column":0},"end":{"line":35,"column":2}},"14":{"start":{"line":29,"column":2},"end":{"line":34,"column":4}},"15":{"start":{"line":37,"column":0},"end":{"line":52,"column":2}},"16":{"start":{"line":38,"column":2},"end":{"line":51,"column":4}}},"fnMap":{"0":{"name":"(anonymous_0)","decl":{"start":{"line":4,"column":23},"end":{"line":4,"column":24}},"loc":{"start":{"line":4,"column":33},"end":{"line":9,"column":1}},"line":4},"1":{"name":"(anonymous_1)","decl":{"start":{"line":11,"column":26},"end":{"line":11,"column":27}},"loc":{"start":{"line":11,"column":33},"end":{"line":26,"column":1}},"line":11},"2":{"name":"(anonymous_2)","decl":{"start":{"line":28,"column":21},"end":{"line":28,"column":22}},"loc":{"start":{"line":28,"column":32},"end":{"line":35,"column":1}},"line":28},"3":{"name":"(anonymous_3)","decl":{"start":{"line":37,"column":19},"end":{"line":37,"column":20}},"loc":{"start":{"line":37,"column":28},"end":{"line":52,"column":1}},"line":37}},"branchMap":{"0":{"loc":{"start":{"line":5,"column":2},"end":{"line":7,"column":3}},"type":"if","locations":[{"start":{"line":5,"column":2},"end":{"line":7,"column":3}},{"start":{"line":5,"column":2},"end":{"line":7,"column":3}}],"line":5},"1":{"loc":{"start":{"line":5,"column":6},"end":{"line":5,"column":60}},"type":"binary-expr","locations":[{"start":{"line":5,"column":6},"end":{"line":5,"column":32}},{"start":{"line":5,"column":36},"end":{"line":5,"column":60}}],"line":5},"2":{"loc":{"start":{"line":13,"column":2},"end":{"line":24,"column":3}},"type":"if","locations":[{"start":{"line":13,"column":2},"end":{"line":24,"column":3}},{"start":{"line":13,"column":2},"end":{"line":24,"column":3}}],"line":13},"3":{"loc":{"start":{"line":13,"column":6},"end":{"line":13,"column":48}},"type":"binary-expr","locations":[{"start":{"line":13,"column":6},"end":{"line":13,"column":18}},{"start":{"line":13,"column":22},"end":{"line":13,"column":48}}],"line":13},"4":{"loc":{"start":{"line":15,"column":9},"end":{"line":24,"column":3}},"type":"if","locations":[{"start":{"line":15,"column":9},"end":{"line":24,"column":3}},{"start":{"line":15,"column":9},"end":{"line":24,"column":3}}],"line":15},"5":{"loc":{"start":{"line":15,"column":13},"end":{"line":15,"column":58}},"type":"binary-expr","locations":[{"start":{"line":15,"column":13},"end":{"line":15,"column":25}},{"start":{"line":15,"column":29},"end":{"line":15,"column":58}}],"line":15},"6":{"loc":{"start":{"line":19,"column":6},"end":{"line":23,"column":26}},"type":"binary-expr","locations":[{"start":{"line":19,"column":6},"end":{"line":19,"column":32}},{"start":{"line":20,"column":6},"end":{"line":20,"column":18}},{"start":{"line":21,"column":6},"end":{"line":21,"column":29}},{"start":{"line":22,"column":6},"end":{"line":22,"column":22}},{"start":{"line":23,"column":6},"end":{"line":23,"column":26}}],"line":19},"7":{"loc":{"start":{"line":30,"column":9},"end":{"line":30,"column":42}},"type":"binary-expr","locations":[{"start":{"line":30,"column":9},"end":{"line":30,"column":24}},{"start":{"line":30,"column":28},"end":{"line":30,"column":42}}],"line":30},"8":{"loc":{"start":{"line":31,"column":13},"end":{"line":31,"column":50}},"type":"binary-expr","locations":[{"start":{"line":31,"column":13},"end":{"line":31,"column":28}},{"start":{"line":31,"column":32},"end":{"line":31,"column":50}}],"line":31},"9":{"loc":{"start":{"line":32,"column":10},"end":{"line":32,"column":41}},"type":"binary-expr","locations":[{"start":{"line":32,"column":10},"end":{"line":32,"column":22}},{"start":{"line":32,"column":26},"end":{"line":32,"column":41}}],"line":32},"10":{"loc":{"start":{"line":33,"column":12},"end":{"line":33,"column":51}},"type":"binary-expr","locations":[{"start":{"line":33,"column":12},"end":{"line":33,"column":30}},{"start":{"line":33,"column":34},"end":{"line":33,"column":51}}],"line":33},"11":{"loc":{"start":{"line":40,"column":15},"end":{"line":40,"column":50}},"type":"binary-expr","locations":[{"start":{"line":40,"column":15},"end":{"line":40,"column":28}},{"start":{"line":40,"column":32},"end":{"line":40,"column":50}}],"line":40},"12":{"loc":{"start":{"line":41,"column":25},"end":{"line":41,"column":64}},"type":"binary-expr","locations":[{"start":{"line":41,"column":25},"end":{"line":41,"column":48}},{"start":{"line":41,"column":52},"end":{"line":41,"column":64}}],"line":41},"13":{"loc":{"start":{"line":43,"column":14},"end":{"line":43,"column":62}},"type":"binary-expr","locations":[{"start":{"line":43,"column":14},"end":{"line":43,"column":30}},{"start":{"line":43,"column":34},"end":{"line":43,"column":47}},{"start":{"line":43,"column":51},"end":{"line":43,"column":62}}],"line":43},"14":{"loc":{"start":{"line":44,"column":12},"end":{"line":44,"column":41}},"type":"binary-expr","locations":[{"start":{"line":44,"column":12},"end":{"line":44,"column":22}},{"start":{"line":44,"column":26},"end":{"line":44,"column":41}}],"line":44},"15":{"loc":{"start":{"line":45,"column":18},"end":{"line":45,"column":59}},"type":"binary-expr","locations":[{"start":{"line":45,"column":18},"end":{"line":45,"column":34}},{"start":{"line":45,"column":38},"end":{"line":45,"column":59}}],"line":45},"16":{"loc":{"start":{"line":46,"column":14},"end":{"line":46,"column":47}},"type":"binary-expr","locations":[{"start":{"line":46,"column":14},"end":{"line":46,"column":26}},{"start":{"line":46,"column":30},"end":{"line":46,"column":47}}],"line":46},"17":{"loc":{"start":{"line":49,"column":13},"end":{"line":49,"column":44}},"type":"binary-expr","locations":[{"start":{"line":49,"column":13},"end":{"line":49,"column":24}},{"start":{"line":49,"column":28},"end":{"line":49,"column":44}}],"line":49}},"s":{"0":1,"1":1,"2":3,"3":3,"4":0,"5":1,"6":0,"7":0,"8":0,"9":0,"10":0,"11":0,"12":0,"13":1,"14":0,"15":1,"16":0},"f":{"0":3,"1":0,"2":0,"3":0},"b":{"0":[3,0],"1":[3,0],"2":[0,0],"3":[0,0],"4":[0,0],"5":[0,0],"6":[0,0,0,0,0],"7":[0,0],"8":[0,0],"9":[0,0],"10":[0,0],"11":[0,0],"12":[0,0],"13":[0,0,0],"14":[0,0],"15":[0,0],"16":[0,0],"17":[0,0]},"_coverageSchema":"43e27e138ebf9cfc5966b082cf9a028302ed4184","hash":"adae4a63d7a953e127f619c100b3c44f42a7e49e"}
,"/Users/anuragjoshi/Desktop/code/master-data/master-data-service/src/app/errorHandler/constants.js": {"path":"/Users/anuragjoshi/Desktop/code/master-data/master-data-service/src/app/errorHandler/constants.js","statementMap":{"0":{"start":{"line":1,"column":0},"end":{"line":14,"column":2}},"1":{"start":{"line":16,"column":0},"end":{"line":21,"column":2}},"2":{"start":{"line":23,"column":0},"end":{"line":29,"column":2}}},"fnMap":{},"branchMap":{},"s":{"0":1,"1":1,"2":1},"f":{},"b":{},"_coverageSchema":"43e27e138ebf9cfc5966b082cf9a028302ed4184","hash":"931a6234235a5c0acad73f5d55580700eae43a67"}
,"/Users/anuragjoshi/Desktop/code/master-data/master-data-service/src/app/errorHandler/handler.js": {"path":"/Users/anuragjoshi/Desktop/code/master-data/master-data-service/src/app/errorHandler/handler.js","statementMap":{"0":{"start":{"line":2,"column":20},"end":{"line":2,"column":44}},"1":{"start":{"line":3,"column":28},"end":{"line":3,"column":48}},"2":{"start":{"line":4,"column":47},"end":{"line":4,"column":66}},"3":{"start":{"line":6,"column":0},"end":{"line":30,"column":2}},"4":{"start":{"line":6,"column":57},"end":{"line":30,"column":1}},"5":{"start":{"line":11,"column":2},"end":{"line":15,"column":5}},"6":{"start":{"line":17,"column":2},"end":{"line":22,"column":3}},"7":{"start":{"line":18,"column":17},"end":{"line":18,"column":39}},"8":{"start":{"line":19,"column":4},"end":{"line":21,"column":5}},"9":{"start":{"line":20,"column":6},"end":{"line":20,"column":55}},"10":{"start":{"line":23,"column":25},"end":{"line":28,"column":3}},"11":{"start":{"line":29,"column":2},"end":{"line":29,"column":71}}},"fnMap":{"0":{"name":"(anonymous_0)","decl":{"start":{"line":6,"column":17},"end":{"line":6,"column":18}},"loc":{"start":{"line":6,"column":57},"end":{"line":30,"column":1}},"line":6},"1":{"name":"(anonymous_1)","decl":{"start":{"line":6,"column":57},"end":{"line":6,"column":58}},"loc":{"start":{"line":10,"column":5},"end":{"line":30,"column":1}},"line":10}},"branchMap":{"0":{"loc":{"start":{"line":6,"column":18},"end":{"line":6,"column":43}},"type":"default-arg","locations":[{"start":{"line":6,"column":28},"end":{"line":6,"column":43}}],"line":6},"1":{"loc":{"start":{"line":19,"column":4},"end":{"line":21,"column":5}},"type":"if","locations":[{"start":{"line":19,"column":4},"end":{"line":21,"column":5}},{"start":{"line":19,"column":4},"end":{"line":21,"column":5}}],"line":19}},"s":{"0":1,"1":1,"2":1,"3":1,"4":0,"5":0,"6":0,"7":0,"8":0,"9":0,"10":0,"11":0},"f":{"0":0,"1":0},"b":{"0":[0],"1":[0,0]},"_coverageSchema":"43e27e138ebf9cfc5966b082cf9a028302ed4184","hash":"7bd032b1480d98381399f91debde7d26bad54a8f"}
,"/Users/anuragjoshi/Desktop/code/master-data/master-data-service/src/app/errorHandler/index.js": {"path":"/Users/anuragjoshi/Desktop/code/master-data/master-data-service/src/app/errorHandler/index.js","statementMap":{"0":{"start":{"line":1,"column":33},"end":{"line":1,"column":55}},"1":{"start":{"line":2,"column":20},"end":{"line":2,"column":44}},"2":{"start":{"line":3,"column":21},"end":{"line":3,"column":41}},"3":{"start":{"line":4,"column":16},"end":{"line":4,"column":36}},"4":{"start":{"line":5,"column":0},"end":{"line":5,"column":35}},"5":{"start":{"line":6,"column":0},"end":{"line":11,"column":2}}},"fnMap":{},"branchMap":{},"s":{"0":1,"1":1,"2":1,"3":1,"4":1,"5":1},"f":{},"b":{},"_coverageSchema":"43e27e138ebf9cfc5966b082cf9a028302ed4184","hash":"37eb7c88e45d3281ce232d2f37c5bb2587729173"}
,"/Users/anuragjoshi/Desktop/code/master-data/master-data-service/src/app/errorHandler/mappers/basic.js": {"path":"/Users/anuragjoshi/Desktop/code/master-data/master-data-service/src/app/errorHandler/mappers/basic.js","statementMap":{"0":{"start":{"line":1,"column":20},"end":{"line":1,"column":45}},"1":{"start":{"line":3,"column":0},"end":{"line":8,"column":2}},"2":{"start":{"line":4,"column":2},"end":{"line":6,"column":3}},"3":{"start":{"line":5,"column":4},"end":{"line":5,"column":17}},"4":{"start":{"line":7,"column":2},"end":{"line":7,"column":19}}},"fnMap":{"0":{"name":"(anonymous_0)","decl":{"start":{"line":3,"column":17},"end":{"line":3,"column":18}},"loc":{"start":{"line":3,"column":26},"end":{"line":8,"column":1}},"line":3}},"branchMap":{"0":{"loc":{"start":{"line":4,"column":2},"end":{"line":6,"column":3}},"type":"if","locations":[{"start":{"line":4,"column":2},"end":{"line":6,"column":3}},{"start":{"line":4,"column":2},"end":{"line":6,"column":3}}],"line":4}},"s":{"0":1,"1":1,"2":0,"3":0,"4":0},"f":{"0":0},"b":{"0":[0,0]},"_coverageSchema":"43e27e138ebf9cfc5966b082cf9a028302ed4184","hash":"761ce3c6f65af96fbedc55409fcf3ffb542415e2"}
,"/Users/anuragjoshi/Desktop/code/master-data/master-data-service/src/app/errorHandler/mappers/customAjvValidationError.js": {"path":"/Users/anuragjoshi/Desktop/code/master-data/master-data-service/src/app/errorHandler/mappers/customAjvValidationError.js","statementMap":{"0":{"start":{"line":1,"column":20},"end":{"line":1,"column":45}},"1":{"start":{"line":2,"column":40},"end":{"line":2,"column":74}},"2":{"start":{"line":3,"column":28},"end":{"line":3,"column":48}},"3":{"start":{"line":5,"column":0},"end":{"line":15,"column":2}},"4":{"start":{"line":6,"column":2},"end":{"line":13,"column":3}},"5":{"start":{"line":7,"column":19},"end":{"line":11,"column":6}},"6":{"start":{"line":8,"column":23},"end":{"line":8,"column":43}},"7":{"start":{"line":9,"column":22},"end":{"line":9,"column":38}},"8":{"start":{"line":10,"column":6},"end":{"line":10,"column":61}},"9":{"start":{"line":12,"column":4},"end":{"line":12,"column":40}},"10":{"start":{"line":14,"column":2},"end":{"line":14,"column":19}}},"fnMap":{"0":{"name":"(anonymous_0)","decl":{"start":{"line":5,"column":17},"end":{"line":5,"column":18}},"loc":{"start":{"line":5,"column":26},"end":{"line":15,"column":1}},"line":5},"1":{"name":"(anonymous_1)","decl":{"start":{"line":7,"column":36},"end":{"line":7,"column":37}},"loc":{"start":{"line":7,"column":43},"end":{"line":11,"column":5}},"line":7}},"branchMap":{"0":{"loc":{"start":{"line":6,"column":2},"end":{"line":13,"column":3}},"type":"if","locations":[{"start":{"line":6,"column":2},"end":{"line":13,"column":3}},{"start":{"line":6,"column":2},"end":{"line":13,"column":3}}],"line":6},"1":{"loc":{"start":{"line":6,"column":6},"end":{"line":6,"column":62}},"type":"binary-expr","locations":[{"start":{"line":6,"column":6},"end":{"line":6,"column":16}},{"start":{"line":6,"column":20},"end":{"line":6,"column":62}}],"line":6}},"s":{"0":1,"1":1,"2":1,"3":1,"4":0,"5":0,"6":0,"7":0,"8":0,"9":0,"10":0},"f":{"0":0,"1":0},"b":{"0":[0,0],"1":[0,0]},"_coverageSchema":"43e27e138ebf9cfc5966b082cf9a028302ed4184","hash":"6ec403cc46acdabe2cfbae474b207fe4569bc13a"}
,"/Users/anuragjoshi/Desktop/code/master-data/master-data-service/src/app/errorHandler/mappers/index.js": {"path":"/Users/anuragjoshi/Desktop/code/master-data/master-data-service/src/app/errorHandler/mappers/index.js","statementMap":{"0":{"start":{"line":1,"column":14},"end":{"line":1,"column":32}},"1":{"start":{"line":2,"column":25},"end":{"line":2,"column":54}},"2":{"start":{"line":3,"column":26},"end":{"line":3,"column":56}},"3":{"start":{"line":4,"column":23},"end":{"line":4,"column":50}},"4":{"start":{"line":5,"column":18},"end":{"line":5,"column":55}},"5":{"start":{"line":7,"column":0},"end":{"line":18,"column":2}}},"fnMap":{},"branchMap":{},"s":{"0":1,"1":1,"2":1,"3":1,"4":1,"5":1},"f":{},"b":{},"_coverageSchema":"43e27e138ebf9cfc5966b082cf9a028302ed4184","hash":"099f5ef49a4eae314616b26b0311f4f03686e027"}
,"/Users/anuragjoshi/Desktop/code/master-data/master-data-service/src/app/errorHandler/mappers/paramsValidation.js": {"path":"/Users/anuragjoshi/Desktop/code/master-data/master-data-service/src/app/errorHandler/mappers/paramsValidation.js","statementMap":{"0":{"start":{"line":1,"column":20},"end":{"line":1,"column":45}},"1":{"start":{"line":2,"column":28},"end":{"line":2,"column":48}},"2":{"start":{"line":4,"column":24},"end":{"line":6,"column":1}},"3":{"start":{"line":8,"column":0},"end":{"line":24,"column":2}},"4":{"start":{"line":9,"column":2},"end":{"line":22,"column":3}},"5":{"start":{"line":10,"column":22},"end":{"line":10,"column":63}},"6":{"start":{"line":11,"column":19},"end":{"line":20,"column":6}},"7":{"start":{"line":12,"column":23},"end":{"line":12,"column":43}},"8":{"start":{"line":13,"column":20},"end":{"line":13,"column":49}},"9":{"start":{"line":14,"column":6},"end":{"line":18,"column":7}},"10":{"start":{"line":15,"column":8},"end":{"line":17,"column":13}},"11":{"start":{"line":19,"column":6},"end":{"line":19,"column":69}},"12":{"start":{"line":21,"column":4},"end":{"line":21,"column":40}},"13":{"start":{"line":23,"column":2},"end":{"line":23,"column":19}}},"fnMap":{"0":{"name":"(anonymous_0)","decl":{"start":{"line":8,"column":17},"end":{"line":8,"column":18}},"loc":{"start":{"line":8,"column":55},"end":{"line":24,"column":1}},"line":8},"1":{"name":"(anonymous_1)","decl":{"start":{"line":11,"column":40},"end":{"line":11,"column":41}},"loc":{"start":{"line":11,"column":47},"end":{"line":20,"column":5}},"line":11}},"branchMap":{"0":{"loc":{"start":{"line":8,"column":25},"end":{"line":8,"column":50}},"type":"default-arg","locations":[{"start":{"line":8,"column":35},"end":{"line":8,"column":50}}],"line":8},"1":{"loc":{"start":{"line":9,"column":2},"end":{"line":22,"column":3}},"type":"if","locations":[{"start":{"line":9,"column":2},"end":{"line":22,"column":3}},{"start":{"line":9,"column":2},"end":{"line":22,"column":3}}],"line":9},"2":{"loc":{"start":{"line":14,"column":6},"end":{"line":18,"column":7}},"type":"if","locations":[{"start":{"line":14,"column":6},"end":{"line":18,"column":7}},{"start":{"line":14,"column":6},"end":{"line":18,"column":7}}],"line":14},"3":{"loc":{"start":{"line":14,"column":10},"end":{"line":14,"column":77}},"type":"binary-expr","locations":[{"start":{"line":14,"column":10},"end":{"line":14,"column":35}},{"start":{"line":14,"column":39},"end":{"line":14,"column":49}},{"start":{"line":14,"column":53},"end":{"line":14,"column":77}}],"line":14}},"s":{"0":1,"1":1,"2":1,"3":1,"4":0,"5":0,"6":0,"7":0,"8":0,"9":0,"10":0,"11":0,"12":0,"13":0},"f":{"0":0,"1":0},"b":{"0":[0],"1":[0,0],"2":[0,0],"3":[0,0,0]},"_coverageSchema":"43e27e138ebf9cfc5966b082cf9a028302ed4184","hash":"3070be49292fd51496e9f25a6c9c51a46212ab91"}
,"/Users/anuragjoshi/Desktop/code/master-data/master-data-service/src/app/errorHandler/mappers/postgressError.js": {"path":"/Users/anuragjoshi/Desktop/code/master-data/master-data-service/src/app/errorHandler/mappers/postgressError.js","statementMap":{"0":{"start":{"line":1,"column":20},"end":{"line":1,"column":45}},"1":{"start":{"line":2,"column":31},"end":{"line":2,"column":54}},"2":{"start":{"line":4,"column":0},"end":{"line":12,"column":2}},"3":{"start":{"line":5,"column":2},"end":{"line":10,"column":3}},"4":{"start":{"line":6,"column":17},"end":{"line":6,"column":52}},"5":{"start":{"line":7,"column":19},"end":{"line":7,"column":30}},"6":{"start":{"line":8,"column":22},"end":{"line":8,"column":34}},"7":{"start":{"line":9,"column":4},"end":{"line":9,"column":60}},"8":{"start":{"line":11,"column":2},"end":{"line":11,"column":19}}},"fnMap":{"0":{"name":"(anonymous_0)","decl":{"start":{"line":4,"column":17},"end":{"line":4,"column":18}},"loc":{"start":{"line":4,"column":26},"end":{"line":12,"column":1}},"line":4}},"branchMap":{"0":{"loc":{"start":{"line":5,"column":2},"end":{"line":10,"column":3}},"type":"if","locations":[{"start":{"line":5,"column":2},"end":{"line":10,"column":3}},{"start":{"line":5,"column":2},"end":{"line":10,"column":3}}],"line":5},"1":{"loc":{"start":{"line":5,"column":6},"end":{"line":5,"column":66}},"type":"binary-expr","locations":[{"start":{"line":5,"column":6},"end":{"line":5,"column":16}},{"start":{"line":5,"column":20},"end":{"line":5,"column":32}},{"start":{"line":5,"column":36},"end":{"line":5,"column":66}}],"line":5}},"s":{"0":1,"1":1,"2":1,"3":0,"4":0,"5":0,"6":0,"7":0,"8":0},"f":{"0":0},"b":{"0":[0,0],"1":[0,0,0]},"_coverageSchema":"43e27e138ebf9cfc5966b082cf9a028302ed4184","hash":"335ffad247e235f644516cdfbaf35005cc8fa77e"}
,"/Users/anuragjoshi/Desktop/code/master-data/master-data-service/src/app/errorHandler/mappers/unstructuredError.js": {"path":"/Users/anuragjoshi/Desktop/code/master-data/master-data-service/src/app/errorHandler/mappers/unstructuredError.js","statementMap":{"0":{"start":{"line":1,"column":20},"end":{"line":1,"column":45}},"1":{"start":{"line":4,"column":0},"end":{"line":13,"column":2}},"2":{"start":{"line":5,"column":2},"end":{"line":11,"column":3}},"3":{"start":{"line":6,"column":4},"end":{"line":10,"column":6}},"4":{"start":{"line":12,"column":2},"end":{"line":12,"column":19}}},"fnMap":{"0":{"name":"(anonymous_0)","decl":{"start":{"line":4,"column":17},"end":{"line":4,"column":18}},"loc":{"start":{"line":4,"column":26},"end":{"line":13,"column":1}},"line":4}},"branchMap":{"0":{"loc":{"start":{"line":5,"column":2},"end":{"line":11,"column":3}},"type":"if","locations":[{"start":{"line":5,"column":2},"end":{"line":11,"column":3}},{"start":{"line":5,"column":2},"end":{"line":11,"column":3}}],"line":5},"1":{"loc":{"start":{"line":5,"column":6},"end":{"line":5,"column":56}},"type":"binary-expr","locations":[{"start":{"line":5,"column":6},"end":{"line":5,"column":21}},{"start":{"line":5,"column":26},"end":{"line":5,"column":39}},{"start":{"line":5,"column":43},"end":{"line":5,"column":55}}],"line":5},"2":{"loc":{"start":{"line":7,"column":6},"end":{"line":7,"column":23}},"type":"binary-expr","locations":[{"start":{"line":7,"column":6},"end":{"line":7,"column":16}},{"start":{"line":7,"column":20},"end":{"line":7,"column":23}}],"line":7},"3":{"loc":{"start":{"line":8,"column":6},"end":{"line":8,"column":35}},"type":"binary-expr","locations":[{"start":{"line":8,"column":6},"end":{"line":8,"column":19}},{"start":{"line":8,"column":23},"end":{"line":8,"column":35}}],"line":8}},"s":{"0":1,"1":1,"2":0,"3":0,"4":0},"f":{"0":0},"b":{"0":[0,0],"1":[0,0,0],"2":[0,0],"3":[0,0]},"_coverageSchema":"43e27e138ebf9cfc5966b082cf9a028302ed4184","hash":"ea4a606a5ab745544cd673f30b483e5318fdaff9"}
,"/Users/anuragjoshi/Desktop/code/master-data/master-data-service/src/app/review/repository/review.js": {"path":"/Users/anuragjoshi/Desktop/code/master-data/master-data-service/src/app/review/repository/review.js","statementMap":{"0":{"start":{"line":1,"column":19},"end":{"line":1,"column":47}},"1":{"start":{"line":2,"column":24},"end":{"line":2,"column":53}},"2":{"start":{"line":6,"column":4},"end":{"line":6,"column":38}},"3":{"start":{"line":8,"column":0},"end":{"line":25,"column":2}},"4":{"start":{"line":9,"column":2},"end":{"line":9,"column":45}},"5":{"start":{"line":10,"column":2},"end":{"line":10,"column":22}},"6":{"start":{"line":11,"column":20},"end":{"line":11,"column":37}},"7":{"start":{"line":12,"column":19},"end":{"line":14,"column":35}},"8":{"start":{"line":15,"column":2},"end":{"line":20,"column":6}},"9":{"start":{"line":16,"column":4},"end":{"line":20,"column":6}},"10":{"start":{"line":21,"column":19},"end":{"line":21,"column":76}},"11":{"start":{"line":22,"column":2},"end":{"line":22,"column":27}},"12":{"start":{"line":23,"column":2},"end":{"line":23,"column":24}},"13":{"start":{"line":24,"column":2},"end":{"line":24,"column":18}},"14":{"start":{"line":27,"column":0},"end":{"line":46,"column":2}},"15":{"start":{"line":28,"column":2},"end":{"line":28,"column":37}},"16":{"start":{"line":29,"column":14},"end":{"line":31,"column":43}},"17":{"start":{"line":32,"column":2},"end":{"line":41,"column":3}},"18":{"start":{"line":33,"column":4},"end":{"line":33,"column":32}},"19":{"start":{"line":34,"column":21},"end":{"line":39,"column":21}},"20":{"start":{"line":40,"column":4},"end":{"line":40,"column":41}},"21":{"start":{"line":42,"column":19},"end":{"line":44,"column":19}},"22":{"start":{"line":45,"column":2},"end":{"line":45,"column":39}},"23":{"start":{"line":48,"column":0},"end":{"line":75,"column":2}},"24":{"start":{"line":52,"column":2},"end":{"line":52,"column":51}},"25":{"start":{"line":54,"column":16},"end":{"line":56,"column":19}},"26":{"start":{"line":58,"column":19},"end":{"line":58,"column":30}},"27":{"start":{"line":59,"column":2},"end":{"line":66,"column":3}},"28":{"start":{"line":60,"column":4},"end":{"line":60,"column":40}},"29":{"start":{"line":61,"column":4},"end":{"line":65,"column":6}},"30":{"start":{"line":68,"column":25},"end":{"line":73,"column":19}},"31":{"start":{"line":74,"column":2},"end":{"line":74,"column":24}},"32":{"start":{"line":77,"column":0},"end":{"line":92,"column":2}},"33":{"start":{"line":80,"column":2},"end":{"line":80,"column":41}},"34":{"start":{"line":81,"column":2},"end":{"line":81,"column":25}},"35":{"start":{"line":82,"column":16},"end":{"line":84,"column":19}},"36":{"start":{"line":86,"column":19},"end":{"line":86,"column":30}},"37":{"start":{"line":87,"column":2},"end":{"line":89,"column":3}},"38":{"start":{"line":88,"column":4},"end":{"line":88,"column":48}},"39":{"start":{"line":90,"column":2},"end":{"line":90,"column":24}},"40":{"start":{"line":91,"column":2},"end":{"line":91,"column":18}},"41":{"start":{"line":94,"column":0},"end":{"line":110,"column":2}},"42":{"start":{"line":95,"column":2},"end":{"line":95,"column":41}},"43":{"start":{"line":96,"column":2},"end":{"line":96,"column":25}},"44":{"start":{"line":97,"column":19},"end":{"line":99,"column":35}},"45":{"start":{"line":100,"column":2},"end":{"line":108,"column":3}},"46":{"start":{"line":101,"column":4},"end":{"line":101,"column":75}},"47":{"start":{"line":103,"column":4},"end":{"line":107,"column":6}},"48":{"start":{"line":109,"column":2},"end":{"line":109,"column":37}}},"fnMap":{"0":{"name":"saveReviews","decl":{"start":{"line":8,"column":37},"end":{"line":8,"column":48}},"loc":{"start":{"line":8,"column":61},"end":{"line":25,"column":1}},"line":8},"1":{"name":"updateReviewById","decl":{"start":{"line":27,"column":42},"end":{"line":27,"column":58}},"loc":{"start":{"line":27,"column":71},"end":{"line":46,"column":1}},"line":27},"2":{"name":"patchReviewById","decl":{"start":{"line":48,"column":41},"end":{"line":48,"column":56}},"loc":{"start":{"line":51,"column":3},"end":{"line":75,"column":1}},"line":51},"3":{"name":"getReviewByProductId","decl":{"start":{"line":77,"column":46},"end":{"line":77,"column":66}},"loc":{"start":{"line":79,"column":3},"end":{"line":92,"column":1}},"line":79},"4":{"name":"deleteReviewById","decl":{"start":{"line":94,"column":42},"end":{"line":94,"column":58}},"loc":{"start":{"line":94,"column":74},"end":{"line":110,"column":1}},"line":94}},"branchMap":{"0":{"loc":{"start":{"line":15,"column":2},"end":{"line":20,"column":6}},"type":"if","locations":[{"start":{"line":15,"column":2},"end":{"line":20,"column":6}},{"start":{"line":15,"column":2},"end":{"line":20,"column":6}}],"line":15},"1":{"loc":{"start":{"line":32,"column":2},"end":{"line":41,"column":3}},"type":"if","locations":[{"start":{"line":32,"column":2},"end":{"line":41,"column":3}},{"start":{"line":32,"column":2},"end":{"line":41,"column":3}}],"line":32},"2":{"loc":{"start":{"line":59,"column":2},"end":{"line":66,"column":3}},"type":"if","locations":[{"start":{"line":59,"column":2},"end":{"line":66,"column":3}},{"start":{"line":59,"column":2},"end":{"line":66,"column":3}}],"line":59},"3":{"loc":{"start":{"line":87,"column":2},"end":{"line":89,"column":3}},"type":"if","locations":[{"start":{"line":87,"column":2},"end":{"line":89,"column":3}},{"start":{"line":87,"column":2},"end":{"line":89,"column":3}}],"line":87},"4":{"loc":{"start":{"line":100,"column":2},"end":{"line":108,"column":3}},"type":"if","locations":[{"start":{"line":100,"column":2},"end":{"line":108,"column":3}},{"start":{"line":100,"column":2},"end":{"line":108,"column":3}}],"line":100}},"s":{"0":1,"1":1,"2":1,"3":1,"4":2,"5":2,"6":2,"7":2,"8":2,"9":1,"10":1,"11":1,"12":1,"13":1,"14":1,"15":2,"16":2,"17":2,"18":1,"19":1,"20":0,"21":1,"22":1,"23":1,"24":1,"25":1,"26":1,"27":1,"28":1,"29":1,"30":0,"31":0,"32":1,"33":2,"34":2,"35":2,"36":2,"37":2,"38":1,"39":1,"40":1,"41":1,"42":2,"43":2,"44":2,"45":2,"46":1,"47":1,"48":0},"f":{"0":2,"1":2,"2":1,"3":2,"4":2},"b":{"0":[1,1],"1":[1,1],"2":[1,0],"3":[1,1],"4":[1,1]},"_coverageSchema":"43e27e138ebf9cfc5966b082cf9a028302ed4184","hash":"c552e51e0f310a51fc1c996c99cd877443480fb0"}
,"/Users/anuragjoshi/Desktop/code/master-data/master-data-service/src/app/review/repository/mocks/review.js": {"path":"/Users/anuragjoshi/Desktop/code/master-data/master-data-service/src/app/review/repository/mocks/review.js","statementMap":{"0":{"start":{"line":1,"column":0},"end":{"line":7,"column":2}},"1":{"start":{"line":9,"column":0},"end":{"line":15,"column":2}},"2":{"start":{"line":17,"column":0},"end":{"line":21,"column":2}}},"fnMap":{},"branchMap":{},"s":{"0":1,"1":1,"2":1},"f":{},"b":{},"_coverageSchema":"43e27e138ebf9cfc5966b082cf9a028302ed4184","hash":"8cf80040ad0335215156ab34342dd00f5bdbf2a3"}
}
