TN:
SF:/Users/anuragjoshi/Desktop/code/master-data/master-data-service/src/app/commons/constants.js
FNF:0
FNH:0
DA:1,1
DA:11,1
DA:12,1
DA:13,1
DA:14,1
DA:18,1
DA:55,1
DA:74,1
DA:93,1
DA:114,1
DA:116,1
DA:118,1
LF:12
LH:12
BRF:0
BRH:0
end_of_record
TN:
SF:/Users/anuragjoshi/Desktop/code/master-data/master-data-service/src/app/errorHandler/CustomError.js
FN:8,(anonymous_0)
FN:14,(anonymous_1)
FN:26,(anonymous_2)
FN:30,(anonymous_3)
FN:36,(anonymous_4)
FN:41,(anonymous_5)
FN:43,(anonymous_6)
FN:53,(anonymous_7)
FNF:8
FNH:4
FNDA:4,(anonymous_0)
FNDA:4,(anonymous_1)
FNDA:0,(anonymous_2)
FNDA:0,(anonymous_3)
FNDA:3,(anonymous_4)
FNDA:0,(anonymous_5)
FNDA:0,(anonymous_6)
FNDA:3,(anonymous_7)
DA:4,1
DA:5,1
DA:7,1
DA:9,4
DA:10,4
DA:11,4
DA:15,4
DA:16,1
DA:23,3
DA:27,0
DA:31,0
DA:37,3
DA:38,3
DA:42,0
DA:43,0
DA:44,0
DA:48,0
DA:50,0
DA:54,3
LF:19
LH:12
BRDA:15,0,0,1
BRDA:15,0,1,3
BRDA:46,1,0,0
BRDA:46,1,1,0
BRDA:56,2,0,3
BRDA:56,2,1,3
BRF:6
BRH:4
end_of_record
TN:
SF:/Users/anuragjoshi/Desktop/code/master-data/master-data-service/src/app/errorHandler/common.js
FN:4,(anonymous_0)
FN:11,(anonymous_1)
FN:28,(anonymous_2)
FN:37,(anonymous_3)
FNF:4
FNH:1
FNDA:3,(anonymous_0)
FNDA:0,(anonymous_1)
FNDA:0,(anonymous_2)
FNDA:0,(anonymous_3)
DA:2,1
DA:4,1
DA:5,3
DA:6,3
DA:8,0
DA:11,1
DA:12,0
DA:13,0
DA:14,0
DA:15,0
DA:16,0
DA:18,0
DA:25,0
DA:28,1
DA:29,0
DA:37,1
DA:38,0
LF:17
LH:7
BRDA:5,0,0,3
BRDA:5,0,1,0
BRDA:5,1,0,3
BRDA:5,1,1,0
BRDA:13,2,0,0
BRDA:13,2,1,0
BRDA:13,3,0,0
BRDA:13,3,1,0
BRDA:15,4,0,0
BRDA:15,4,1,0
BRDA:15,5,0,0
BRDA:15,5,1,0
BRDA:19,6,0,0
BRDA:19,6,1,0
BRDA:19,6,2,0
BRDA:19,6,3,0
BRDA:19,6,4,0
BRDA:30,7,0,0
BRDA:30,7,1,0
BRDA:31,8,0,0
BRDA:31,8,1,0
BRDA:32,9,0,0
BRDA:32,9,1,0
BRDA:33,10,0,0
BRDA:33,10,1,0
BRDA:40,11,0,0
BRDA:40,11,1,0
BRDA:41,12,0,0
BRDA:41,12,1,0
BRDA:43,13,0,0
BRDA:43,13,1,0
BRDA:43,13,2,0
BRDA:44,14,0,0
BRDA:44,14,1,0
BRDA:45,15,0,0
BRDA:45,15,1,0
BRDA:46,16,0,0
BRDA:46,16,1,0
BRDA:49,17,0,0
BRDA:49,17,1,0
BRF:40
BRH:2
end_of_record
TN:
SF:/Users/anuragjoshi/Desktop/code/master-data/master-data-service/src/app/errorHandler/constants.js
FNF:0
FNH:0
DA:1,1
DA:16,1
DA:23,1
LF:3
LH:3
BRF:0
BRH:0
end_of_record
TN:
SF:/Users/anuragjoshi/Desktop/code/master-data/master-data-service/src/app/errorHandler/handler.js
FN:6,(anonymous_0)
FN:6,(anonymous_1)
FNF:2
FNH:0
FNDA:0,(anonymous_0)
FNDA:0,(anonymous_1)
DA:2,1
DA:3,1
DA:4,1
DA:6,1
DA:11,0
DA:17,0
DA:18,0
DA:19,0
DA:20,0
DA:23,0
DA:29,0
LF:11
LH:4
BRDA:6,0,0,0
BRDA:19,1,0,0
BRDA:19,1,1,0
BRF:3
BRH:0
end_of_record
TN:
SF:/Users/anuragjoshi/Desktop/code/master-data/master-data-service/src/app/errorHandler/index.js
FNF:0
FNH:0
DA:1,1
DA:2,1
DA:3,1
DA:4,1
DA:5,1
DA:6,1
LF:6
LH:6
BRF:0
BRH:0
end_of_record
TN:
SF:/Users/anuragjoshi/Desktop/code/master-data/master-data-service/src/app/errorHandler/mappers/basic.js
FN:3,(anonymous_0)
FNF:1
FNH:0
FNDA:0,(anonymous_0)
DA:1,1
DA:3,1
DA:4,0
DA:5,0
DA:7,0
LF:5
LH:2
BRDA:4,0,0,0
BRDA:4,0,1,0
BRF:2
BRH:0
end_of_record
TN:
SF:/Users/anuragjoshi/Desktop/code/master-data/master-data-service/src/app/errorHandler/mappers/customAjvValidationError.js
FN:5,(anonymous_0)
FN:7,(anonymous_1)
FNF:2
FNH:0
FNDA:0,(anonymous_0)
FNDA:0,(anonymous_1)
DA:1,1
DA:2,1
DA:3,1
DA:5,1
DA:6,0
DA:7,0
DA:8,0
DA:9,0
DA:10,0
DA:12,0
DA:14,0
LF:11
LH:4
BRDA:6,0,0,0
BRDA:6,0,1,0
BRDA:6,1,0,0
BRDA:6,1,1,0
BRF:4
BRH:0
end_of_record
TN:
SF:/Users/anuragjoshi/Desktop/code/master-data/master-data-service/src/app/errorHandler/mappers/index.js
FNF:0
FNH:0
DA:1,1
DA:2,1
DA:3,1
DA:4,1
DA:5,1
DA:7,1
LF:6
LH:6
BRF:0
BRH:0
end_of_record
TN:
SF:/Users/anuragjoshi/Desktop/code/master-data/master-data-service/src/app/errorHandler/mappers/paramsValidation.js
FN:8,(anonymous_0)
FN:11,(anonymous_1)
FNF:2
FNH:0
FNDA:0,(anonymous_0)
FNDA:0,(anonymous_1)
DA:1,1
DA:2,1
DA:4,1
DA:8,1
DA:9,0
DA:10,0
DA:11,0
DA:12,0
DA:13,0
DA:14,0
DA:15,0
DA:19,0
DA:21,0
DA:23,0
LF:14
LH:4
BRDA:8,0,0,0
BRDA:9,1,0,0
BRDA:9,1,1,0
BRDA:14,2,0,0
BRDA:14,2,1,0
BRDA:14,3,0,0
BRDA:14,3,1,0
BRDA:14,3,2,0
BRF:8
BRH:0
end_of_record
TN:
SF:/Users/anuragjoshi/Desktop/code/master-data/master-data-service/src/app/errorHandler/mappers/postgressError.js
FN:4,(anonymous_0)
FNF:1
FNH:0
FNDA:0,(anonymous_0)
DA:1,1
DA:2,1
DA:4,1
DA:5,0
DA:6,0
DA:7,0
DA:8,0
DA:9,0
DA:11,0
LF:9
LH:3
BRDA:5,0,0,0
BRDA:5,0,1,0
BRDA:5,1,0,0
BRDA:5,1,1,0
BRDA:5,1,2,0
BRF:5
BRH:0
end_of_record
TN:
SF:/Users/anuragjoshi/Desktop/code/master-data/master-data-service/src/app/errorHandler/mappers/unstructuredError.js
FN:4,(anonymous_0)
FNF:1
FNH:0
FNDA:0,(anonymous_0)
DA:1,1
DA:4,1
DA:5,0
DA:6,0
DA:12,0
LF:5
LH:2
BRDA:5,0,0,0
BRDA:5,0,1,0
BRDA:5,1,0,0
BRDA:5,1,1,0
BRDA:5,1,2,0
BRDA:7,2,0,0
BRDA:7,2,1,0
BRDA:8,3,0,0
BRDA:8,3,1,0
BRF:9
BRH:0
end_of_record
TN:
SF:/Users/anuragjoshi/Desktop/code/master-data/master-data-service/src/app/review/repository/review.js
FN:8,saveReviews
FN:27,updateReviewById
FN:48,patchReviewById
FN:77,getReviewByProductId
FN:94,deleteReviewById
FNF:5
FNH:5
FNDA:2,saveReviews
FNDA:2,updateReviewById
FNDA:1,patchReviewById
FNDA:2,getReviewByProductId
FNDA:2,deleteReviewById
DA:1,1
DA:2,1
DA:6,1
DA:8,1
DA:9,2
DA:10,2
DA:11,2
DA:12,2
DA:15,2
DA:16,1
DA:21,1
DA:22,1
DA:23,1
DA:24,1
DA:27,1
DA:28,2
DA:29,2
DA:32,2
DA:33,1
DA:34,1
DA:40,0
DA:42,1
DA:45,1
DA:48,1
DA:52,1
DA:54,1
DA:58,1
DA:59,1
DA:60,1
DA:61,1
DA:68,0
DA:74,0
DA:77,1
DA:80,2
DA:81,2
DA:82,2
DA:86,2
DA:87,2
DA:88,1
DA:90,1
DA:91,1
DA:94,1
DA:95,2
DA:96,2
DA:97,2
DA:100,2
DA:101,1
DA:103,1
DA:109,0
LF:49
LH:45
BRDA:15,0,0,1
BRDA:15,0,1,1
BRDA:32,1,0,1
BRDA:32,1,1,1
BRDA:59,2,0,1
BRDA:59,2,1,0
BRDA:87,3,0,1
BRDA:87,3,1,1
BRDA:100,4,0,1
BRDA:100,4,1,1
BRF:10
BRH:9
end_of_record
TN:
SF:/Users/anuragjoshi/Desktop/code/master-data/master-data-service/src/app/review/repository/mocks/review.js
FNF:0
FNH:0
DA:1,1
DA:9,1
DA:17,1
LF:3
LH:3
BRF:0
BRH:0
end_of_record
