TN:
SF:/Users/anuragjoshi/Desktop/code/master-data/master-data-service/src/index.js
FN:21,create
FN:40,init
FN:41,(anonymous_2)
FN:50,start
FNF:4
FNH:1
FNDA:5,create
FNDA:0,init
FNDA:0,(anonymous_2)
FNDA:0,start
DA:2,5
DA:6,5
DA:7,5
DA:8,5
DA:9,5
DA:10,5
DA:11,5
DA:12,5
DA:13,5
DA:14,5
DA:16,5
DA:24,5
DA:25,5
DA:26,5
DA:29,5
DA:32,5
DA:34,5
DA:41,0
DA:42,0
DA:43,0
DA:44,0
DA:46,0
DA:51,0
DA:52,0
DA:56,5
LF:25
LH:18
BRDA:42,0,0,0
BRDA:42,0,1,0
BRF:2
BRH:0
end_of_record
TN:
SF:/Users/anuragjoshi/Desktop/code/master-data/master-data-service/src/index2.js
FN:36,(anonymous_0)
FNF:1
FNH:0
FNDA:0,(anonymous_0)
DA:2,0
DA:6,0
DA:7,0
DA:8,0
DA:9,0
DA:10,0
DA:11,0
DA:12,0
DA:13,0
DA:14,0
DA:16,0
DA:21,0
DA:22,0
DA:23,0
DA:26,0
DA:29,0
DA:32,0
DA:33,0
DA:36,0
DA:37,0
DA:38,0
DA:39,0
DA:41,0
LF:23
LH:0
BRDA:37,0,0,0
BRDA:37,0,1,0
BRF:2
BRH:0
end_of_record
TN:
SF:/Users/anuragjoshi/Desktop/code/master-data/master-data-service/src/app/index.js
FN:4,(anonymous_0)
FNF:1
FNH:1
FNDA:5,(anonymous_0)
DA:1,5
DA:2,5
DA:4,5
DA:5,5
DA:6,5
DA:7,5
LF:6
LH:6
BRF:0
BRH:0
end_of_record
TN:
SF:/Users/anuragjoshi/Desktop/code/master-data/master-data-service/src/app/commons/constants.js
FNF:0
FNH:0
DA:1,5
DA:11,5
DA:12,5
DA:13,5
DA:14,5
DA:18,5
DA:55,5
DA:74,5
DA:93,5
DA:114,5
DA:116,5
DA:118,5
LF:12
LH:12
BRF:0
BRH:0
end_of_record
TN:
SF:/Users/anuragjoshi/Desktop/code/master-data/master-data-service/src/app/commons/helpers.js
FN:1,(anonymous_0)
FN:19,(anonymous_1)
FNF:2
FNH:1
FNDA:0,(anonymous_0)
FNDA:5,(anonymous_1)
DA:1,5
DA:2,0
DA:3,0
DA:4,0
DA:8,0
DA:9,0
DA:11,0
DA:12,0
DA:19,5
LF:9
LH:2
BRDA:8,0,0,0
BRDA:8,0,1,0
BRDA:13,1,0,0
BRDA:13,1,1,0
BRDA:14,2,0,0
BRDA:14,2,1,0
BRF:6
BRH:0
end_of_record
TN:
SF:/Users/anuragjoshi/Desktop/code/master-data/master-data-service/src/app/commons/schema.js
FNF:0
FNH:0
DA:1,5
DA:30,5
DA:47,5
DA:63,5
DA:71,5
DA:97,5
DA:107,5
LF:7
LH:7
BRF:0
BRH:0
end_of_record
TN:
SF:/Users/anuragjoshi/Desktop/code/master-data/master-data-service/src/app/errorHandler/CustomError.js
FN:8,(anonymous_0)
FN:14,(anonymous_1)
FN:26,(anonymous_2)
FN:30,(anonymous_3)
FN:36,(anonymous_4)
FN:41,(anonymous_5)
FN:43,(anonymous_6)
FN:53,(anonymous_7)
FNF:8
FNH:6
FNDA:4,(anonymous_0)
FNDA:4,(anonymous_1)
FNDA:7,(anonymous_2)
FNDA:4,(anonymous_3)
FNDA:3,(anonymous_4)
FNDA:0,(anonymous_5)
FNDA:0,(anonymous_6)
FNDA:3,(anonymous_7)
DA:4,5
DA:5,5
DA:7,5
DA:9,4
DA:10,4
DA:11,4
DA:15,4
DA:16,1
DA:23,3
DA:27,7
DA:31,4
DA:37,3
DA:38,3
DA:42,0
DA:43,0
DA:44,0
DA:48,0
DA:50,0
DA:54,3
LF:19
LH:14
BRDA:15,0,0,1
BRDA:15,0,1,3
BRDA:46,1,0,0
BRDA:46,1,1,0
BRDA:56,2,0,3
BRDA:56,2,1,2
BRF:6
BRH:4
end_of_record
TN:
SF:/Users/anuragjoshi/Desktop/code/master-data/master-data-service/src/app/errorHandler/common.js
FN:4,(anonymous_0)
FN:11,(anonymous_1)
FN:28,(anonymous_2)
FN:37,(anonymous_3)
FNF:4
FNH:3
FNDA:4,(anonymous_0)
FNDA:0,(anonymous_1)
FNDA:4,(anonymous_2)
FNDA:4,(anonymous_3)
DA:2,5
DA:4,5
DA:5,4
DA:6,3
DA:8,1
DA:11,5
DA:12,0
DA:13,0
DA:14,0
DA:15,0
DA:16,0
DA:18,0
DA:25,0
DA:28,5
DA:29,4
DA:37,5
DA:38,4
LF:17
LH:10
BRDA:5,0,0,3
BRDA:5,0,1,1
BRDA:5,1,0,4
BRDA:5,1,1,1
BRDA:13,2,0,0
BRDA:13,2,1,0
BRDA:13,3,0,0
BRDA:13,3,1,0
BRDA:15,4,0,0
BRDA:15,4,1,0
BRDA:15,5,0,0
BRDA:15,5,1,0
BRDA:19,6,0,0
BRDA:19,6,1,0
BRDA:19,6,2,0
BRDA:19,6,3,0
BRDA:19,6,4,0
BRDA:30,7,0,4
BRDA:30,7,1,0
BRDA:31,8,0,4
BRDA:31,8,1,0
BRDA:32,9,0,4
BRDA:32,9,1,3
BRDA:33,10,0,4
BRDA:33,10,1,0
BRDA:40,11,0,4
BRDA:40,11,1,3
BRDA:41,12,0,4
BRDA:41,12,1,4
BRDA:43,13,0,4
BRDA:43,13,1,4
BRDA:43,13,2,1
BRDA:44,14,0,4
BRDA:44,14,1,1
BRDA:45,15,0,4
BRDA:45,15,1,4
BRDA:46,16,0,4
BRDA:46,16,1,4
BRDA:49,17,0,4
BRDA:49,17,1,0
BRF:40
BRH:23
end_of_record
TN:
SF:/Users/anuragjoshi/Desktop/code/master-data/master-data-service/src/app/errorHandler/constants.js
FNF:0
FNH:0
DA:1,5
DA:16,5
DA:23,5
LF:3
LH:3
BRF:0
BRH:0
end_of_record
TN:
SF:/Users/anuragjoshi/Desktop/code/master-data/master-data-service/src/app/errorHandler/handler.js
FN:6,(anonymous_0)
FN:6,(anonymous_1)
FNF:2
FNH:2
FNDA:5,(anonymous_0)
FNDA:4,(anonymous_1)
DA:2,5
DA:3,5
DA:4,5
DA:6,5
DA:11,4
DA:17,4
DA:18,8
DA:19,8
DA:20,3
DA:23,1
DA:29,1
LF:11
LH:11
BRDA:6,0,0,5
BRDA:19,1,0,3
BRDA:19,1,1,5
BRF:3
BRH:3
end_of_record
TN:
SF:/Users/anuragjoshi/Desktop/code/master-data/master-data-service/src/app/errorHandler/index.js
FNF:0
FNH:0
DA:1,5
DA:2,5
DA:3,5
DA:4,5
DA:5,5
DA:6,5
LF:6
LH:6
BRF:0
BRH:0
end_of_record
TN:
SF:/Users/anuragjoshi/Desktop/code/master-data/master-data-service/src/app/errorHandler/mappers/basic.js
FN:3,(anonymous_0)
FNF:1
FNH:1
FNDA:4,(anonymous_0)
DA:1,5
DA:3,5
DA:4,4
DA:5,3
DA:7,1
LF:5
LH:5
BRDA:4,0,0,3
BRDA:4,0,1,1
BRF:2
BRH:2
end_of_record
TN:
SF:/Users/anuragjoshi/Desktop/code/master-data/master-data-service/src/app/errorHandler/mappers/customAjvValidationError.js
FN:5,(anonymous_0)
FN:7,(anonymous_1)
FNF:2
FNH:1
FNDA:1,(anonymous_0)
FNDA:0,(anonymous_1)
DA:1,5
DA:2,5
DA:3,5
DA:5,5
DA:6,1
DA:7,0
DA:8,0
DA:9,0
DA:10,0
DA:12,0
DA:14,1
LF:11
LH:6
BRDA:6,0,0,0
BRDA:6,0,1,1
BRDA:6,1,0,1
BRDA:6,1,1,0
BRF:4
BRH:2
end_of_record
TN:
SF:/Users/anuragjoshi/Desktop/code/master-data/master-data-service/src/app/errorHandler/mappers/index.js
FNF:0
FNH:0
DA:1,5
DA:2,5
DA:3,5
DA:4,5
DA:5,5
DA:7,5
LF:6
LH:6
BRF:0
BRH:0
end_of_record
TN:
SF:/Users/anuragjoshi/Desktop/code/master-data/master-data-service/src/app/errorHandler/mappers/paramsValidation.js
FN:8,(anonymous_0)
FN:11,(anonymous_1)
FNF:2
FNH:1
FNDA:1,(anonymous_0)
FNDA:0,(anonymous_1)
DA:1,5
DA:2,5
DA:4,5
DA:8,5
DA:9,1
DA:10,0
DA:11,0
DA:12,0
DA:13,0
DA:14,0
DA:15,0
DA:19,0
DA:21,0
DA:23,1
LF:14
LH:6
BRDA:8,0,0,1
BRDA:9,1,0,0
BRDA:9,1,1,1
BRDA:14,2,0,0
BRDA:14,2,1,0
BRDA:14,3,0,0
BRDA:14,3,1,0
BRDA:14,3,2,0
BRF:8
BRH:2
end_of_record
TN:
SF:/Users/anuragjoshi/Desktop/code/master-data/master-data-service/src/app/errorHandler/mappers/postgressError.js
FN:4,(anonymous_0)
FNF:1
FNH:1
FNDA:1,(anonymous_0)
DA:1,5
DA:2,5
DA:4,5
DA:5,1
DA:6,0
DA:7,0
DA:8,0
DA:9,0
DA:11,1
LF:9
LH:5
BRDA:5,0,0,0
BRDA:5,0,1,1
BRDA:5,1,0,1
BRDA:5,1,1,0
BRDA:5,1,2,0
BRF:5
BRH:2
end_of_record
TN:
SF:/Users/anuragjoshi/Desktop/code/master-data/master-data-service/src/app/errorHandler/mappers/unstructuredError.js
FN:4,(anonymous_0)
FNF:1
FNH:1
FNDA:1,(anonymous_0)
DA:1,5
DA:4,5
DA:5,1
DA:6,0
DA:12,1
LF:5
LH:4
BRDA:5,0,0,0
BRDA:5,0,1,1
BRDA:5,1,0,1
BRDA:5,1,1,0
BRDA:5,1,2,0
BRDA:7,2,0,0
BRDA:7,2,1,0
BRDA:8,3,0,0
BRDA:8,3,1,0
BRF:9
BRH:2
end_of_record
TN:
SF:/Users/anuragjoshi/Desktop/code/master-data/master-data-service/src/app/hooks/extractLogTrace.js
FN:2,(anonymous_0)
FNF:1
FNH:0
FNDA:0,(anonymous_0)
DA:2,5
DA:3,0
LF:2
LH:1
BRDA:4,0,0,0
BRDA:4,0,1,0
BRDA:7,1,0,0
BRDA:7,1,1,0
BRDA:10,2,0,0
BRDA:10,2,1,0
BRDA:13,3,0,0
BRDA:13,3,1,0
BRDA:16,4,0,0
BRDA:16,4,1,0
BRDA:19,5,0,0
BRDA:19,5,1,0
BRDA:22,6,0,0
BRDA:22,6,1,0
BRF:14
BRH:0
end_of_record
TN:
SF:/Users/anuragjoshi/Desktop/code/master-data/master-data-service/src/app/hooks/extractTenantId.js
FN:6,(anonymous_0)
FN:24,(anonymous_1)
FNF:2
FNH:0
FNDA:0,(anonymous_0)
FNDA:0,(anonymous_1)
DA:1,5
DA:2,5
DA:3,5
DA:4,5
DA:6,5
DA:7,0
DA:8,0
DA:9,0
DA:10,0
DA:12,0
DA:13,0
DA:14,0
DA:24,5
DA:25,0
DA:26,0
DA:27,0
DA:28,0
DA:35,0
LF:18
LH:6
BRDA:26,0,0,0
BRDA:26,0,1,0
BRF:2
BRH:0
end_of_record
TN:
SF:/Users/anuragjoshi/Desktop/code/master-data/master-data-service/src/app/hooks/handleMethodNotFound.js
FN:5,(anonymous_0)
FN:5,(anonymous_1)
FNF:2
FNH:0
FNDA:0,(anonymous_0)
FNDA:0,(anonymous_1)
DA:2,5
DA:5,5
DA:6,0
DA:7,0
DA:8,0
DA:11,0
DA:12,0
DA:13,0
DA:14,0
DA:15,0
DA:16,0
DA:17,0
DA:18,0
DA:27,0
DA:31,0
LF:15
LH:2
BRDA:12,0,0,0
BRDA:12,0,1,0
BRDA:12,1,0,0
BRDA:12,1,1,0
BRDA:16,2,0,0
BRDA:16,2,1,0
BRDA:17,3,0,0
BRDA:17,3,1,0
BRF:8
BRH:0
end_of_record
TN:
SF:/Users/anuragjoshi/Desktop/code/master-data/master-data-service/src/app/hooks/index.js
FNF:0
FNH:0
DA:1,5
DA:2,5
DA:3,5
DA:5,5
LF:4
LH:4
BRF:0
BRH:0
end_of_record
TN:
SF:/Users/anuragjoshi/Desktop/code/master-data/master-data-service/src/app/plugins/ajv/index.js
FN:19,(anonymous_0)
FN:19,(anonymous_1)
FN:32,ajvPlugin
FN:41,(anonymous_3)
FNF:4
FNH:0
FNDA:0,(anonymous_0)
FNDA:0,(anonymous_1)
FNDA:0,ajvPlugin
FNDA:0,(anonymous_3)
DA:3,0
DA:4,0
DA:5,0
DA:6,0
DA:7,0
DA:9,0
DA:17,0
DA:19,0
DA:24,0
DA:25,0
DA:26,0
DA:27,0
DA:28,0
DA:36,0
DA:37,0
DA:38,0
DA:39,0
DA:40,0
DA:41,0
DA:43,0
DA:44,0
DA:45,0
LF:22
LH:0
BRDA:22,0,0,0
BRDA:24,1,0,0
BRDA:24,1,1,0
BRDA:34,2,0,0
BRDA:34,3,0,0
BRF:5
BRH:0
end_of_record
TN:
SF:/Users/anuragjoshi/Desktop/code/master-data/master-data-service/src/app/plugins/knex/index.js
FN:7,(anonymous_0)
FNF:1
FNH:1
FNDA:5,(anonymous_0)
DA:1,5
DA:2,5
DA:3,5
DA:4,5
DA:5,5
DA:7,5
DA:8,5
DA:9,5
DA:10,5
DA:11,5
DA:12,5
DA:13,5
DA:15,0
DA:16,0
DA:20,5
LF:15
LH:13
BRF:0
BRH:0
end_of_record
TN:
SF:/Users/anuragjoshi/Desktop/code/master-data/master-data-service/src/app/plugins/knex/paginator.js
FN:15,paginate
FN:30,(anonymous_1)
FN:43,(anonymous_2)
FN:59,setupPagination
FN:63,queryBuilder
FNF:5
FNH:1
FNDA:0,paginate
FNDA:0,(anonymous_1)
FNDA:0,(anonymous_2)
FNDA:5,setupPagination
FNDA:0,queryBuilder
DA:1,5
DA:3,5
DA:4,5
DA:6,5
DA:20,0
DA:22,0
DA:23,0
DA:30,0
DA:31,0
DA:34,0
DA:35,0
DA:37,0
DA:40,0
DA:44,0
DA:45,0
DA:59,5
DA:60,5
DA:63,5
DA:64,0
LF:19
LH:7
BRDA:16,0,0,0
BRDA:17,1,0,0
BRDA:22,2,0,0
BRDA:22,2,1,0
BRDA:34,3,0,0
BRDA:34,3,1,0
BRF:6
BRH:0
end_of_record
TN:
SF:/Users/anuragjoshi/Desktop/code/master-data/master-data-service/src/app/review/routes.js
FN:18,(anonymous_0)
FNF:1
FNH:1
FNDA:5,(anonymous_0)
DA:8,5
DA:16,5
DA:18,5
DA:21,5
DA:28,5
DA:34,5
DA:40,5
DA:46,5
LF:8
LH:8
BRF:0
BRH:0
end_of_record
TN:
SF:/Users/anuragjoshi/Desktop/code/master-data/master-data-service/src/app/review/handlers/review.js
FN:10,saveReviewsHandler
FN:18,getReviewsHandler
FN:23,updateReviewHandler
FN:29,patchReviewHandler
FN:34,deleteReviewHandler
FNF:5
FNH:5
FNDA:3,saveReviewsHandler
FNDA:2,getReviewsHandler
FNDA:5,updateReviewHandler
FNDA:3,patchReviewHandler
FNDA:1,deleteReviewHandler
DA:1,5
DA:8,5
DA:10,5
DA:11,3
DA:12,3
DA:13,2
DA:14,2
DA:18,5
DA:19,2
DA:20,1
DA:23,5
DA:24,5
DA:25,5
DA:26,5
DA:29,5
DA:30,3
DA:31,2
DA:34,5
DA:35,1
DA:36,1
DA:37,0
LF:21
LH:20
BRF:0
BRH:0
end_of_record
TN:
SF:/Users/anuragjoshi/Desktop/code/master-data/master-data-service/src/app/review/handlers/mocks/review.js
FNF:0
FNH:0
DA:1,0
LF:1
LH:0
BRF:0
BRH:0
end_of_record
TN:
SF:/Users/anuragjoshi/Desktop/code/master-data/master-data-service/src/app/review/repository/review.js
FN:8,saveReviews
FN:27,updateReviewById
FN:48,patchReviewById
FN:77,getReviewByProductId
FN:91,deleteReviewById
FNF:5
FNH:5
FNDA:3,saveReviews
FNDA:5,updateReviewById
FNDA:2,patchReviewById
FNDA:2,getReviewByProductId
FNDA:1,deleteReviewById
DA:1,5
DA:2,5
DA:6,5
DA:8,5
DA:9,3
DA:10,3
DA:11,3
DA:12,3
DA:15,3
DA:16,1
DA:21,2
DA:22,2
DA:23,2
DA:24,2
DA:27,5
DA:28,5
DA:29,5
DA:32,5
DA:33,1
DA:34,1
DA:40,1
DA:42,4
DA:45,4
DA:48,5
DA:52,2
DA:54,2
DA:58,2
DA:59,2
DA:60,0
DA:61,0
DA:68,2
DA:74,2
DA:77,5
DA:80,2
DA:84,2
DA:85,2
DA:86,1
DA:88,1
DA:91,5
DA:92,1
DA:93,1
DA:94,1
DA:97,1
DA:98,0
DA:100,1
DA:106,0
LF:46
LH:42
BRDA:15,0,0,1
BRDA:15,0,1,2
BRDA:32,1,0,1
BRDA:32,1,1,4
BRDA:59,2,0,0
BRDA:59,2,1,2
BRDA:85,3,0,1
BRDA:85,3,1,1
BRDA:97,4,0,0
BRDA:97,4,1,1
BRF:10
BRH:8
end_of_record
TN:
SF:/Users/anuragjoshi/Desktop/code/master-data/master-data-service/src/app/review/repository/mocks/review.js
FNF:0
FNH:0
DA:1,0
DA:9,0
DA:17,0
LF:3
LH:0
BRF:0
BRH:0
end_of_record
TN:
SF:/Users/anuragjoshi/Desktop/code/master-data/master-data-service/src/app/review/schemas/review.js
FNF:0
FNH:0
DA:6,5
DA:8,5
DA:25,5
DA:66,5
DA:88,5
DA:139,5
DA:161,5
LF:7
LH:7
BRF:0
BRH:0
end_of_record
TN:
SF:/Users/anuragjoshi/Desktop/code/master-data/master-data-service/src/app/review/services/review.js
FN:9,(anonymous_0)
FN:15,(anonymous_1)
FN:29,(anonymous_2)
FN:38,(anonymous_3)
FN:46,(anonymous_4)
FN:54,(anonymous_5)
FN:62,(anonymous_6)
FNF:7
FNH:7
FNDA:8,(anonymous_0)
FNDA:2,(anonymous_1)
FNDA:3,(anonymous_2)
FNDA:5,(anonymous_3)
FNDA:2,(anonymous_4)
FNDA:1,(anonymous_5)
FNDA:3,(anonymous_6)
DA:7,5
DA:9,8
DA:15,5
DA:29,5
DA:30,3
DA:31,3
DA:32,3
DA:35,2
DA:38,5
DA:39,5
DA:40,5
DA:43,5
DA:46,5
DA:47,2
DA:48,2
DA:51,1
DA:54,5
DA:55,1
DA:56,1
DA:59,0
DA:62,5
DA:63,3
DA:64,2
DA:65,2
DA:69,2
LF:25
LH:24
BRDA:16,0,0,2
BRDA:16,0,1,2
BRDA:20,1,0,2
BRDA:20,1,1,2
BRDA:24,2,0,2
BRDA:24,2,1,0
BRF:6
BRH:5
end_of_record
TN:
SF:/Users/anuragjoshi/Desktop/code/master-data/master-data-service/src/app/review/services/mocks/review.js
FNF:0
FNH:0
DA:1,0
DA:9,0
DA:17,0
LF:3
LH:0
BRF:0
BRH:0
end_of_record
